<?xml version="1.0" encoding="UTF-8"?>
<!-- Generated by org.testng.reporters.JUnitReportReporter -->
<testsuite skipped="0" hostname="Deepan" name="TestScripts.Calculator1" tests="1" failures="0" timestamp="2023-11-01T02:35:17 IST" time="10.872" errors="0">
  <testcase name="AppiumTest" time="10.872" classname="TestScripts.Calculator1"/>
  <system-out/>
</testsuite> <!-- TestScripts.Calculator1 -->
